0 info it worked if it ends with ok
1 verbose cli [ 'C:\\Program Files\\nodejs\\\\node.exe',
1 verbose cli   'C:\\Program Files\\nodejs\\node_modules\\npm\\bin\\npm-cli.js',
1 verbose cli   'install',
1 verbose cli   'less-plugin-autoprefix',
1 verbose cli   'save-dev' ]
2 info using npm@2.2.0
3 info using node@v0.10.35
4 verbose node symlink C:\Program Files\nodejs\\node.exe
5 silly cache add args [ 'less-plugin-autoprefix', null ]
6 verbose cache add spec less-plugin-autoprefix
7 silly cache add args [ 'save-dev', null ]
8 verbose cache add spec save-dev
9 silly cache add parsed spec { raw: 'less-plugin-autoprefix',
9 silly cache add   scope: null,
9 silly cache add   name: 'less-plugin-autoprefix',
9 silly cache add   rawSpec: '',
9 silly cache add   spec: '*',
9 silly cache add   type: 'range' }
10 verbose addNamed less-plugin-autoprefix@*
11 silly addNamed semver.valid null
12 silly addNamed semver.validRange *
13 silly addNameRange { name: 'less-plugin-autoprefix', range: '*', hasData: false }
14 silly mapToRegistry name less-plugin-autoprefix
15 silly mapToRegistry using default registry
16 silly mapToRegistry registry https://registry.npmjs.org/
17 silly mapToRegistry uri https://registry.npmjs.org/less-plugin-autoprefix
18 verbose addNameRange registry:https://registry.npmjs.org/less-plugin-autoprefix not in flight; fetching
19 silly cache add parsed spec { raw: 'save-dev',
19 silly cache add   scope: null,
19 silly cache add   name: 'save-dev',
19 silly cache add   rawSpec: '',
19 silly cache add   spec: '*',
19 silly cache add   type: 'range' }
20 verbose addNamed save-dev@*
21 silly addNamed semver.valid null
22 silly addNamed semver.validRange *
23 silly addNameRange { name: 'save-dev', range: '*', hasData: false }
24 silly mapToRegistry name save-dev
25 silly mapToRegistry using default registry
26 silly mapToRegistry registry https://registry.npmjs.org/
27 silly mapToRegistry uri https://registry.npmjs.org/save-dev
28 verbose addNameRange registry:https://registry.npmjs.org/save-dev not in flight; fetching
29 verbose request uri https://registry.npmjs.org/save-dev
30 verbose request no auth needed
31 info attempt registry request try #1 at 15:29:33
32 verbose request id d1c95c005a508160
33 http request GET https://registry.npmjs.org/save-dev
34 verbose request uri https://registry.npmjs.org/less-plugin-autoprefix
35 verbose request no auth needed
36 info attempt registry request try #1 at 15:29:33
37 verbose etag "101HLRAEOUGGFCXE5VOC9TT0Z"
38 http request GET https://registry.npmjs.org/less-plugin-autoprefix
39 http 404 https://registry.npmjs.org/save-dev
40 verbose headers { date: 'Tue, 10 Mar 2015 14:29:33 GMT',
40 verbose headers   server: 'CouchDB/1.5.0 (Erlang OTP/R16B03)',
40 verbose headers   'content-type': 'application/json',
40 verbose headers   'cache-control': 'max-age=0',
40 verbose headers   'content-length': '52',
40 verbose headers   'accept-ranges': 'bytes',
40 verbose headers   via: '1.1 varnish',
40 verbose headers   age: '0',
40 verbose headers   'x-served-by': 'cache-fra1223-FRA',
40 verbose headers   'x-cache': 'MISS',
40 verbose headers   'x-cache-hits': '0',
40 verbose headers   'x-timer': 'S1425997773.328665,VS0,VE173',
40 verbose headers   'keep-alive': 'timeout=10, max=50',
40 verbose headers   connection: 'Keep-Alive' }
41 silly get cb [ 404,
41 silly get   { date: 'Tue, 10 Mar 2015 14:29:33 GMT',
41 silly get     server: 'CouchDB/1.5.0 (Erlang OTP/R16B03)',
41 silly get     'content-type': 'application/json',
41 silly get     'cache-control': 'max-age=0',
41 silly get     'content-length': '52',
41 silly get     'accept-ranges': 'bytes',
41 silly get     via: '1.1 varnish',
41 silly get     age: '0',
41 silly get     'x-served-by': 'cache-fra1223-FRA',
41 silly get     'x-cache': 'MISS',
41 silly get     'x-cache-hits': '0',
41 silly get     'x-timer': 'S1425997773.328665,VS0,VE173',
41 silly get     'keep-alive': 'timeout=10, max=50',
41 silly get     connection: 'Keep-Alive' } ]
42 http 200 https://registry.npmjs.org/less-plugin-autoprefix
43 silly get cb [ 200,
43 silly get   { date: 'Tue, 10 Mar 2015 14:29:34 GMT',
43 silly get     server: 'CouchDB/1.5.0 (Erlang OTP/R16B03)',
43 silly get     etag: '"AY4DJEXDI76DRIZ4KKALRYZNG"',
43 silly get     'content-type': 'application/json',
43 silly get     'cache-control': 'max-age=60',
43 silly get     'content-length': '7615',
43 silly get     'accept-ranges': 'bytes',
43 silly get     via: '1.1 varnish',
43 silly get     age: '0',
43 silly get     'x-served-by': 'cache-fra1234-FRA',
43 silly get     'x-cache': 'HIT',
43 silly get     'x-cache-hits': '1',
43 silly get     'x-timer': 'S1425997773.333788,VS0,VE695',
43 silly get     vary: 'Accept',
43 silly get     'keep-alive': 'timeout=10, max=50',
43 silly get     connection: 'Keep-Alive' } ]
44 silly addNameRange number 2 { name: 'less-plugin-autoprefix', range: '*', hasData: true }
45 silly addNameRange versions [ 'less-plugin-autoprefix',
45 silly addNameRange   [ '0.0.1', '1.0.0', '1.0.1', '1.1.0', '1.3.0' ] ]
46 verbose addNamed less-plugin-autoprefix@1.3.0
47 silly addNamed semver.valid 1.3.0
48 silly addNamed semver.validRange 1.3.0
49 silly cache afterAdd less-plugin-autoprefix@1.3.0
50 verbose afterAdd C:\Users\15921.CRBDOM\AppData\Roaming\npm-cache\less-plugin-autoprefix\1.3.0\package\package.json not in flight; writing
51 verbose afterAdd C:\Users\15921.CRBDOM\AppData\Roaming\npm-cache\less-plugin-autoprefix\1.3.0\package\package.json written
52 verbose stack Error: 404 Not Found: save-dev
52 verbose stack     at CachingRegistryClient.<anonymous> (C:\Users\15921.CRBDOM\AppData\Roaming\nvm\v0.10.35\node_modules\npm\node_modules\npm-registry-client\lib\request.js:241:14)
52 verbose stack     at Request._callback (C:\Users\15921.CRBDOM\AppData\Roaming\nvm\v0.10.35\node_modules\npm\node_modules\npm-registry-client\lib\request.js:172:14)
52 verbose stack     at Request.self.callback (C:\Users\15921.CRBDOM\AppData\Roaming\nvm\v0.10.35\node_modules\npm\node_modules\request\request.js:373:22)
52 verbose stack     at Request.emit (events.js:98:17)
52 verbose stack     at Request.<anonymous> (C:\Users\15921.CRBDOM\AppData\Roaming\nvm\v0.10.35\node_modules\npm\node_modules\request\request.js:1318:14)
52 verbose stack     at Request.emit (events.js:117:20)
52 verbose stack     at IncomingMessage.<anonymous> (C:\Users\15921.CRBDOM\AppData\Roaming\nvm\v0.10.35\node_modules\npm\node_modules\request\request.js:1266:12)
52 verbose stack     at IncomingMessage.emit (events.js:117:20)
52 verbose stack     at _stream_readable.js:944:16
52 verbose stack     at process._tickCallback (node.js:442:13)
53 verbose statusCode 404
54 verbose pkgid save-dev
55 verbose cwd C:\wamp\www\guidestyles
56 error Windows_NT 6.1.7601
57 error argv "C:\\Program Files\\nodejs\\\\node.exe" "C:\\Program Files\\nodejs\\node_modules\\npm\\bin\\npm-cli.js" "install" "less-plugin-autoprefix" "save-dev"
58 error node v0.10.35
59 error npm  v2.2.0
60 error code E404
61 error 404 Not Found: save-dev
61 error 404
61 error 404 'save-dev' is not in the npm registry.
61 error 404 You should bug the author to publish it (or use the name yourself!)
61 error 404
61 error 404 Note that you can also install from a
61 error 404 tarball, folder, http url, or git url.
62 verbose exit [ 1, true ]
